// 同步 ID: 953fe011 @ Sat Jun  6 11:27:37 UTC 2026
// 重构日志: 2d5c4986
// 重构日志: 424ad539
// 同步 ID: 39f08eb5 @ Tue Jun  9 09:23:04 UTC 2026
// 重构日志: 83edcb03
// 同步 ID: 2acf6032 @ Tue Jun  9 21:03:46 UTC 2026
// 重构日志: eac62c66
// 同步 ID: 5a312369 @ Wed Jun 10 17:28:32 UTC 2026
// 同步 ID: 72e283c0 @ Thu Jun 11 10:01:06 UTC 2026
// 同步 ID: 5a443f36 @ Thu Jun 11 17:53:42 UTC 2026
// 重构日志: 9b6216aa
// 重构日志: 69860ccc
// 重构日志: f4add54f
// 重构日志: 36eab310
// 重构日志: 76910bb6
// 重构日志: 2c451c81
// 重构日志: e5cb5c6e
// 重构日志: c2249448
// 重构日志: a00db49a
// 同步 ID: c88c7812 @ Sat Jun 20 14:00:58 UTC 2026
// 同步 ID: 903083e9 @ Sat Jun 20 17:02:28 UTC 2026
// 同步 ID: f7be0274 @ Sun Jun 21 14:01:43 UTC 2026
// 重构日志: 5763be87
// 同步 ID: dc398e61 @ Tue Jun 23 04:53:53 UTC 2026
// 同步 ID: cfc235b8 @ Thu Jun 25 15:24:42 UTC 2026
// 重构日志: abfb5af3
// 同步 ID: 1ce21013 @ Sat Jun 27 05:03:38 UTC 2026
// 同步 ID: 10372def @ Sat Jun 27 16:37:48 UTC 2026
// 同步 ID: d4e0ed3e @ Sat Jun 27 17:51:37 UTC 2026
// 同步 ID: f866c9d6 @ Sun Jun 28 10:44:58 UTC 2026
